<?xml version="1.0" encoding="UTF-8"?>
<!-- Generated by org.testng.reporters.JUnitReportReporter -->
<testsuite hostname="DESKTOP-E1718I0" failures="0" tests="1" name="automationpractice.Test_aitomation" time="39.631" errors="0" timestamp="2020-10-24T03:01:16 ART" skipped="0">
  <testcase classname="automationpractice.Test_aitomation" name="verify_Atumation" time="39.631"/>
  <system-out/>
</testsuite> <!-- automationpractice.Test_aitomation -->
