<?xml version="1.0" encoding="UTF-8"?>
<!-- Generated by org.testng.reporters.JUnitReportReporter -->
<testsuite hostname="DESKTOP-E1718I0" failures="0" tests="2" name="DataProvided.Read" time="79.184" errors="0" timestamp="2020-10-31T19:49:22 ART" skipped="0">
  <testcase classname="DataProvided.Read" name="login" time="40.959"/>
  <system-out/>
  <testcase classname="DataProvided.Read" name="login" time="38.225"/>
  <system-out/>
</testsuite> <!-- DataProvided.Read -->
